2021-12-10 11:18:19,898 [main] [36mc.t.b.r.AdminResourceTest[0;39m - Starting AdminResourceTest using Java 11.0.9 on DESKTOP-7G56MR9 with PID 16208 (started by Sahid in E:\TechnoElevate_Spring Boot Rest\book-my-doctor) 
2021-12-10 11:18:19,916 [main] [36mc.t.b.r.AdminResourceTest[0;39m - No active profile set, falling back to default profiles: default 
2021-12-10 11:18:23,155 [main] [36mo.s.d.r.c.RepositoryConfigurationDelegate[0;39m - Bootstrapping Spring Data JPA repositories in DEFAULT mode. 
2021-12-10 11:18:23,423 [main] [36mo.s.d.r.c.RepositoryConfigurationDelegate[0;39m - Finished Spring Data repository scanning in 251 ms. Found 11 JPA repository interfaces. 
2021-12-10 11:18:26,657 [main] [36mo.h.j.i.u.LogHelper[0;39m - HHH000204: Processing PersistenceUnitInfo [name: default] 
2021-12-10 11:18:26,850 [main] [36mo.h.Version[0;39m - HHH000412: Hibernate ORM core version 5.6.1.Final 
2021-12-10 11:18:27,438 [main] [36mo.h.a.c.Version[0;39m - HCANN000001: Hibernate Commons Annotations {5.1.2.Final} 
2021-12-10 11:18:28,158 [main] [36mc.z.h.HikariDataSource[0;39m - HikariPool-1 - Starting... 
2021-12-10 11:18:28,860 [main] [36mc.z.h.HikariDataSource[0;39m - HikariPool-1 - Start completed. 
2021-12-10 11:18:28,943 [main] [36mo.h.d.Dialect[0;39m - HHH000400: Using dialect: org.hibernate.dialect.MySQL55Dialect 
2021-12-10 11:18:37,929 [main] [36mo.h.e.t.j.p.i.JtaPlatformInitiator[0;39m - HHH000490: Using JtaPlatform implementation: [org.hibernate.engine.transaction.jta.platform.internal.NoJtaPlatform] 
2021-12-10 11:18:37,948 [main] [36mo.s.o.j.LocalContainerEntityManagerFactoryBean[0;39m - Initialized JPA EntityManagerFactory for persistence unit 'default' 
2021-12-10 11:18:42,120 [main] [36mo.s.b.a.o.j.JpaBaseConfiguration$JpaWebConfiguration[0;39m - spring.jpa.open-in-view is enabled by default. Therefore, database queries may be performed during view rendering. Explicitly configure spring.jpa.open-in-view to disable this warning 
2021-12-10 11:18:45,881 [main] [36mo.s.s.w.DefaultSecurityFilterChain[0;39m - Will secure Ant [pattern='/v2/api-docs'] with [] 
2021-12-10 11:18:45,882 [main] [36mo.s.s.w.DefaultSecurityFilterChain[0;39m - Will secure Ant [pattern='/swagger-resources/configuration/ui'] with [] 
2021-12-10 11:18:45,882 [main] [36mo.s.s.w.DefaultSecurityFilterChain[0;39m - Will secure Ant [pattern='/swagger-resources'] with [] 
2021-12-10 11:18:45,883 [main] [36mo.s.s.w.DefaultSecurityFilterChain[0;39m - Will secure Ant [pattern='/swagger-resources/configuration/security'] with [] 
2021-12-10 11:18:45,883 [main] [36mo.s.s.w.DefaultSecurityFilterChain[0;39m - Will secure Ant [pattern='/swagger-ui.html'] with [] 
2021-12-10 11:18:45,883 [main] [36mo.s.s.w.DefaultSecurityFilterChain[0;39m - Will secure Ant [pattern='/webjars/**'] with [] 
2021-12-10 11:18:46,172 [main] [36mo.s.s.w.DefaultSecurityFilterChain[0;39m - Will secure any request with [org.springframework.security.web.context.request.async.WebAsyncManagerIntegrationFilter@162c89ac, org.springframework.security.web.context.SecurityContextPersistenceFilter@4b4a3114, org.springframework.security.web.header.HeaderWriterFilter@6426ad0b, org.springframework.security.web.authentication.logout.LogoutFilter@3fae1ec9, com.te.bookmydoctor.filter.CustomAuthorizationFilter@644f033d, com.te.bookmydoctor.filter.CustomAuthenticattionFilter@6f526f91, org.springframework.security.web.savedrequest.RequestCacheAwareFilter@25d5327, org.springframework.security.web.servletapi.SecurityContextHolderAwareRequestFilter@772db1d8, org.springframework.security.web.authentication.AnonymousAuthenticationFilter@26c349fc, org.springframework.security.web.session.SessionManagementFilter@5b9ed77b, org.springframework.security.web.access.ExceptionTranslationFilter@32ae890, org.springframework.security.web.access.intercept.FilterSecurityInterceptor@63fef83c] 
2021-12-10 11:18:46,362 [main] [36ms.d.s.w.PropertySourcedRequestMappingHandlerMapping[0;39m - Mapped URL path [/v2/api-docs] onto method [springfox.documentation.swagger2.web.Swagger2Controller#getDocumentation(String, HttpServletRequest)] 
2021-12-10 11:18:48,350 [main] [36ms.d.s.w.p.DocumentationPluginsBootstrapper[0;39m - Context refreshed 
2021-12-10 11:18:48,417 [main] [36ms.d.s.w.p.DocumentationPluginsBootstrapper[0;39m - Found 1 custom documentation plugin(s) 
2021-12-10 11:18:48,483 [main] [36ms.d.s.w.s.ApiListingReferenceScanner[0;39m - Scanning for api listing references 
2021-12-10 11:18:48,900 [main] [36ms.d.s.w.r.o.CachingOperationNameGenerator[0;39m - Generating unique operation named: removeDoctorUsingGET_1 
2021-12-10 11:18:49,462 [main] [36mc.t.b.r.AdminResourceTest[0;39m - Started AdminResourceTest in 30.67 seconds (JVM running for 43.712) 
2021-12-10 11:18:49,513 [SpringApplicationShutdownHook] [36mo.s.o.j.LocalContainerEntityManagerFactoryBean[0;39m - Closing JPA EntityManagerFactory for persistence unit 'default' 
2021-12-10 11:18:49,545 [SpringApplicationShutdownHook] [36mc.z.h.HikariDataSource[0;39m - HikariPool-1 - Shutdown initiated... 
2021-12-10 11:18:49,606 [SpringApplicationShutdownHook] [36mc.z.h.HikariDataSource[0;39m - HikariPool-1 - Shutdown completed. 
2021-12-10 11:25:46,041 [main] [36mc.t.b.r.AdminResourceTest[0;39m - Starting AdminResourceTest using Java 11.0.9 on DESKTOP-7G56MR9 with PID 12092 (started by Sahid in E:\TechnoElevate_Spring Boot Rest\book-my-doctor) 
2021-12-10 11:25:46,075 [main] [36mc.t.b.r.AdminResourceTest[0;39m - No active profile set, falling back to default profiles: default 
2021-12-10 11:25:59,188 [main] [36mo.s.d.r.c.RepositoryConfigurationDelegate[0;39m - Bootstrapping Spring Data JPA repositories in DEFAULT mode. 
2021-12-10 11:25:59,518 [main] [36mo.s.d.r.c.RepositoryConfigurationDelegate[0;39m - Finished Spring Data repository scanning in 309 ms. Found 11 JPA repository interfaces. 
2021-12-10 11:26:02,667 [main] [36mo.h.j.i.u.LogHelper[0;39m - HHH000204: Processing PersistenceUnitInfo [name: default] 
2021-12-10 11:26:02,809 [main] [36mo.h.Version[0;39m - HHH000412: Hibernate ORM core version 5.6.1.Final 
2021-12-10 11:26:03,271 [main] [36mo.h.a.c.Version[0;39m - HCANN000001: Hibernate Commons Annotations {5.1.2.Final} 
2021-12-10 11:26:04,107 [main] [36mc.z.h.HikariDataSource[0;39m - HikariPool-1 - Starting... 
2021-12-10 11:26:04,684 [main] [36mc.z.h.HikariDataSource[0;39m - HikariPool-1 - Start completed. 
2021-12-10 11:26:04,752 [main] [36mo.h.d.Dialect[0;39m - HHH000400: Using dialect: org.hibernate.dialect.MySQL55Dialect 
2021-12-10 11:26:08,893 [main] [36mo.h.e.t.j.p.i.JtaPlatformInitiator[0;39m - HHH000490: Using JtaPlatform implementation: [org.hibernate.engine.transaction.jta.platform.internal.NoJtaPlatform] 
2021-12-10 11:26:08,918 [main] [36mo.s.o.j.LocalContainerEntityManagerFactoryBean[0;39m - Initialized JPA EntityManagerFactory for persistence unit 'default' 
2021-12-10 11:26:11,946 [main] [36mo.s.b.a.o.j.JpaBaseConfiguration$JpaWebConfiguration[0;39m - spring.jpa.open-in-view is enabled by default. Therefore, database queries may be performed during view rendering. Explicitly configure spring.jpa.open-in-view to disable this warning 
2021-12-10 11:26:14,375 [main] [36mo.s.s.w.DefaultSecurityFilterChain[0;39m - Will secure Ant [pattern='/v2/api-docs'] with [] 
2021-12-10 11:26:14,376 [main] [36mo.s.s.w.DefaultSecurityFilterChain[0;39m - Will secure Ant [pattern='/swagger-resources/configuration/ui'] with [] 
2021-12-10 11:26:14,377 [main] [36mo.s.s.w.DefaultSecurityFilterChain[0;39m - Will secure Ant [pattern='/swagger-resources'] with [] 
2021-12-10 11:26:14,379 [main] [36mo.s.s.w.DefaultSecurityFilterChain[0;39m - Will secure Ant [pattern='/swagger-resources/configuration/security'] with [] 
2021-12-10 11:26:14,379 [main] [36mo.s.s.w.DefaultSecurityFilterChain[0;39m - Will secure Ant [pattern='/swagger-ui.html'] with [] 
2021-12-10 11:26:14,380 [main] [36mo.s.s.w.DefaultSecurityFilterChain[0;39m - Will secure Ant [pattern='/webjars/**'] with [] 
2021-12-10 11:26:14,676 [main] [36mo.s.s.w.DefaultSecurityFilterChain[0;39m - Will secure any request with [org.springframework.security.web.context.request.async.WebAsyncManagerIntegrationFilter@627f678d, org.springframework.security.web.context.SecurityContextPersistenceFilter@4707d60a, org.springframework.security.web.header.HeaderWriterFilter@3dfb1626, org.springframework.security.web.authentication.logout.LogoutFilter@6e3552b0, com.te.bookmydoctor.filter.CustomAuthorizationFilter@3fb54673, com.te.bookmydoctor.filter.CustomAuthenticattionFilter@4b55652a, org.springframework.security.web.savedrequest.RequestCacheAwareFilter@20dfe8b2, org.springframework.security.web.servletapi.SecurityContextHolderAwareRequestFilter@3f4fd0dc, org.springframework.security.web.authentication.AnonymousAuthenticationFilter@8c54f48, org.springframework.security.web.session.SessionManagementFilter@77ac7cd6, org.springframework.security.web.access.ExceptionTranslationFilter@4a5cddd9, org.springframework.security.web.access.intercept.FilterSecurityInterceptor@65145fb7] 
2021-12-10 11:26:14,871 [main] [36ms.d.s.w.PropertySourcedRequestMappingHandlerMapping[0;39m - Mapped URL path [/v2/api-docs] onto method [springfox.documentation.swagger2.web.Swagger2Controller#getDocumentation(String, HttpServletRequest)] 
2021-12-10 11:26:17,186 [main] [36ms.d.s.w.p.DocumentationPluginsBootstrapper[0;39m - Context refreshed 
2021-12-10 11:26:17,260 [main] [36ms.d.s.w.p.DocumentationPluginsBootstrapper[0;39m - Found 1 custom documentation plugin(s) 
2021-12-10 11:26:17,347 [main] [36ms.d.s.w.s.ApiListingReferenceScanner[0;39m - Scanning for api listing references 
2021-12-10 11:26:17,718 [main] [36ms.d.s.w.r.o.CachingOperationNameGenerator[0;39m - Generating unique operation named: removeDoctorUsingGET_1 
2021-12-10 11:26:17,962 [main] [36mc.t.b.r.AdminResourceTest[0;39m - Started AdminResourceTest in 34.621 seconds (JVM running for 41.481) 
2021-12-10 11:26:18,589 [main] [36mo.s.m.w.MockServletContext[0;39m - Initializing Spring TestDispatcherServlet '' 
2021-12-10 11:26:18,589 [main] [36mo.s.t.w.s.TestDispatcherServlet[0;39m - Initializing Servlet '' 
2021-12-10 11:26:18,590 [main] [36mo.s.t.w.s.TestDispatcherServlet[0;39m - Completed initialization in 0 ms 
2021-12-10 11:26:18,706 [main] [36mc.t.b.r.AdminResource[0;39m - All Doctor Details Fetched Successfully 
2021-12-10 11:26:18,825 [main] [36mo.s.m.w.MockServletContext[0;39m - Initializing Spring TestDispatcherServlet '' 
2021-12-10 11:26:18,826 [main] [36mo.s.t.w.s.TestDispatcherServlet[0;39m - Initializing Servlet '' 
2021-12-10 11:26:18,826 [main] [36mo.s.t.w.s.TestDispatcherServlet[0;39m - Completed initialization in 0 ms 
2021-12-10 11:26:18,854 [main] [36mc.t.b.r.AdminResource[0;39m - Patient is Verified Successfully 
2021-12-10 11:26:18,918 [main] [36mo.s.m.w.MockServletContext[0;39m - Initializing Spring TestDispatcherServlet '' 
2021-12-10 11:26:18,919 [main] [36mo.s.t.w.s.TestDispatcherServlet[0;39m - Initializing Servlet '' 
2021-12-10 11:26:18,922 [main] [36mo.s.t.w.s.TestDispatcherServlet[0;39m - Completed initialization in 3 ms 
2021-12-10 11:26:18,943 [main] [36mc.t.b.r.AdminResource[0;39m - Patient Deleted Sucessfully 
2021-12-10 11:26:19,001 [main] [36mo.s.m.w.MockServletContext[0;39m - Initializing Spring TestDispatcherServlet '' 
2021-12-10 11:26:19,001 [main] [36mo.s.t.w.s.TestDispatcherServlet[0;39m - Initializing Servlet '' 
2021-12-10 11:26:19,001 [main] [36mo.s.t.w.s.TestDispatcherServlet[0;39m - Completed initialization in 0 ms 
2021-12-10 11:26:19,010 [main] [36mc.t.b.r.AdminResource[0;39m - Patient Sahid Alom 
2021-12-10 11:26:19,075 [main] [36mo.s.m.w.MockServletContext[0;39m - Initializing Spring TestDispatcherServlet '' 
2021-12-10 11:26:19,075 [main] [36mo.s.t.w.s.TestDispatcherServlet[0;39m - Initializing Servlet '' 
2021-12-10 11:26:19,076 [main] [36mo.s.t.w.s.TestDispatcherServlet[0;39m - Completed initialization in 1 ms 
2021-12-10 11:26:19,090 [main] [36mc.t.b.r.AdminResource[0;39m - Doctor Deleted Successfully 
2021-12-10 11:26:19,150 [main] [36mo.s.m.w.MockServletContext[0;39m - Initializing Spring TestDispatcherServlet '' 
2021-12-10 11:26:19,152 [main] [36mo.s.t.w.s.TestDispatcherServlet[0;39m - Initializing Servlet '' 
2021-12-10 11:26:19,153 [main] [36mo.s.t.w.s.TestDispatcherServlet[0;39m - Completed initialization in 1 ms 
2021-12-10 11:26:19,161 [main] [36mc.t.b.r.AdminResource[0;39m - All Doctor Details Fetched Successfully 
2021-12-10 11:26:19,333 [main] [36mo.s.m.w.MockServletContext[0;39m - Initializing Spring TestDispatcherServlet '' 
2021-12-10 11:26:19,334 [main] [36mo.s.t.w.s.TestDispatcherServlet[0;39m - Initializing Servlet '' 
2021-12-10 11:26:19,334 [main] [36mo.s.t.w.s.TestDispatcherServlet[0;39m - Completed initialization in 0 ms 
2021-12-10 11:26:19,362 [main] [36mc.t.b.r.AdminResource[0;39m - Doctor Fetched Successfully 
2021-12-10 11:26:19,410 [main] [36mo.s.m.w.MockServletContext[0;39m - Initializing Spring TestDispatcherServlet '' 
2021-12-10 11:26:19,410 [main] [36mo.s.t.w.s.TestDispatcherServlet[0;39m - Initializing Servlet '' 
2021-12-10 11:26:19,410 [main] [36mo.s.t.w.s.TestDispatcherServlet[0;39m - Completed initialization in 0 ms 
2021-12-10 11:26:19,416 [main] [36mc.t.b.r.AdminResource[0;39m - Doctor is Verified Successfully 
2021-12-10 11:26:19,448 [main] [36mo.s.b.t.c.SpringBootTestContextBootstrapper[0;39m - Neither @ContextConfiguration nor @ContextHierarchy found for test class [com.te.bookmydoctor.resource.DoctorResourceTest], using SpringBootContextLoader 
2021-12-10 11:26:19,450 [main] [36mo.s.t.c.s.AbstractContextLoader[0;39m - Could not detect default resource locations for test class [com.te.bookmydoctor.resource.DoctorResourceTest]: no resource found for suffixes {-context.xml, Context.groovy}. 
2021-12-10 11:26:19,451 [main] [36mo.s.t.c.s.AnnotationConfigContextLoaderUtils[0;39m - Could not detect default configuration classes for test class [com.te.bookmydoctor.resource.DoctorResourceTest]: DoctorResourceTest does not declare any static, non-private, non-final, nested classes annotated with @Configuration. 
2021-12-10 11:26:19,455 [main] [36mo.s.b.t.c.SpringBootTestContextBootstrapper[0;39m - Found @SpringBootConfiguration com.te.bookmydoctor.BookMyDocApplication for test class com.te.bookmydoctor.resource.DoctorResourceTest 
2021-12-10 11:26:19,477 [main] [36mo.s.b.t.c.SpringBootTestContextBootstrapper[0;39m - Loaded default TestExecutionListener class names from location [META-INF/spring.factories]: [org.springframework.boot.test.mock.mockito.MockitoTestExecutionListener, org.springframework.boot.test.mock.mockito.ResetMocksTestExecutionListener, org.springframework.boot.test.autoconfigure.restdocs.RestDocsTestExecutionListener, org.springframework.boot.test.autoconfigure.web.client.MockRestServiceServerResetTestExecutionListener, org.springframework.boot.test.autoconfigure.web.servlet.MockMvcPrintOnlyOnFailureTestExecutionListener, org.springframework.boot.test.autoconfigure.web.servlet.WebDriverTestExecutionListener, org.springframework.boot.test.autoconfigure.webservices.client.MockWebServiceServerTestExecutionListener, org.springframework.test.context.web.ServletTestExecutionListener, org.springframework.test.context.support.DirtiesContextBeforeModesTestExecutionListener, org.springframework.test.context.event.ApplicationEventsTestExecutionListener, org.springframework.test.context.support.DependencyInjectionTestExecutionListener, org.springframework.test.context.support.DirtiesContextTestExecutionListener, org.springframework.test.context.transaction.TransactionalTestExecutionListener, org.springframework.test.context.jdbc.SqlScriptsTestExecutionListener, org.springframework.test.context.event.EventPublishingTestExecutionListener, org.springframework.security.test.context.support.WithSecurityContextTestExecutionListener, org.springframework.security.test.context.support.ReactorContextTestExecutionListener] 
2021-12-10 11:26:19,479 [main] [36mo.s.b.t.c.SpringBootTestContextBootstrapper[0;39m - Using TestExecutionListeners: [org.springframework.test.context.web.ServletTestExecutionListener@4528a8bf, org.springframework.test.context.support.DirtiesContextBeforeModesTestExecutionListener@1927c2c6, org.springframework.test.context.event.ApplicationEventsTestExecutionListener@79a15001, org.springframework.boot.test.mock.mockito.MockitoTestExecutionListener@320bfc61, org.springframework.boot.test.autoconfigure.SpringBootDependencyInjectionTestExecutionListener@3266c7cf, org.springframework.test.context.support.DirtiesContextTestExecutionListener@157002b7, org.springframework.test.context.transaction.TransactionalTestExecutionListener@66227940, org.springframework.test.context.jdbc.SqlScriptsTestExecutionListener@ba76911, org.springframework.test.context.event.EventPublishingTestExecutionListener@ffb8f15, org.springframework.security.test.context.support.WithSecurityContextTestExecutionListener@1a0b51e7, org.springframework.security.test.context.support.ReactorContextTestExecutionListener@6f96d39f, org.springframework.boot.test.mock.mockito.ResetMocksTestExecutionListener@5f49c09d, org.springframework.boot.test.autoconfigure.restdocs.RestDocsTestExecutionListener@c197f46, org.springframework.boot.test.autoconfigure.web.client.MockRestServiceServerResetTestExecutionListener@4c5d934b, org.springframework.boot.test.autoconfigure.web.servlet.MockMvcPrintOnlyOnFailureTestExecutionListener@150eab74, org.springframework.boot.test.autoconfigure.web.servlet.WebDriverTestExecutionListener@4d2dc60, org.springframework.boot.test.autoconfigure.webservices.client.MockWebServiceServerTestExecutionListener@43f670f3] 
2021-12-10 11:26:19,656 [main] [36mo.s.m.w.MockServletContext[0;39m - Initializing Spring TestDispatcherServlet '' 
2021-12-10 11:26:19,659 [main] [36mo.s.t.w.s.TestDispatcherServlet[0;39m - Initializing Servlet '' 
2021-12-10 11:26:19,660 [main] [36mo.s.t.w.s.TestDispatcherServlet[0;39m - Completed initialization in 1 ms 
2021-12-10 11:26:19,666 [main] [36mc.t.b.r.DoctorResource[0;39m - Doctor Sucessfully Fetching His FeedBack Details 
2021-12-10 11:26:19,795 [main] [36mo.s.m.w.MockServletContext[0;39m - Initializing Spring TestDispatcherServlet '' 
2021-12-10 11:26:19,796 [main] [36mo.s.t.w.s.TestDispatcherServlet[0;39m - Initializing Servlet '' 
2021-12-10 11:26:19,796 [main] [36mo.s.t.w.s.TestDispatcherServlet[0;39m - Completed initialization in 0 ms 
2021-12-10 11:26:19,818 [main] [36mc.t.b.r.DoctorResource[0;39m - Doctor Details Was Deleted Successfully 
2021-12-10 11:26:19,886 [main] [36mo.s.m.w.MockServletContext[0;39m - Initializing Spring TestDispatcherServlet '' 
2021-12-10 11:26:19,887 [main] [36mo.s.t.w.s.TestDispatcherServlet[0;39m - Initializing Servlet '' 
2021-12-10 11:26:19,890 [main] [36mo.s.t.w.s.TestDispatcherServlet[0;39m - Completed initialization in 1 ms 
2021-12-10 11:26:20,012 [main] [36mc.t.b.r.DoctorResource[0;39m - Shivaa Registration Done Successfully And Need to Verify the Details  
2021-12-10 11:26:20,235 [main] [36mo.s.m.w.MockServletContext[0;39m - Initializing Spring TestDispatcherServlet '' 
2021-12-10 11:26:20,238 [main] [36mo.s.t.w.s.TestDispatcherServlet[0;39m - Initializing Servlet '' 
2021-12-10 11:26:20,239 [main] [36mo.s.t.w.s.TestDispatcherServlet[0;39m - Completed initialization in 0 ms 
2021-12-10 11:26:20,250 [main] [36mc.t.b.r.DoctorResource[0;39m - Doctor Viewing his Registration Verification Status And Status Is Verified  
2021-12-10 11:26:20,389 [main] [36mo.s.m.w.MockServletContext[0;39m - Initializing Spring TestDispatcherServlet '' 
2021-12-10 11:26:20,389 [main] [36mo.s.t.w.s.TestDispatcherServlet[0;39m - Initializing Servlet '' 
2021-12-10 11:26:20,390 [main] [36mo.s.t.w.s.TestDispatcherServlet[0;39m - Completed initialization in 1 ms 
2021-12-10 11:26:20,463 [main] [36mc.t.b.r.DoctorResource[0;39m - Doctor Sucessfully Fetching His Appointment Details 
2021-12-10 11:26:20,485 [main] [36mo.s.b.t.c.SpringBootTestContextBootstrapper[0;39m - Neither @ContextConfiguration nor @ContextHierarchy found for test class [com.te.bookmydoctor.resource.PatientResourceTest], using SpringBootContextLoader 
2021-12-10 11:26:20,487 [main] [36mo.s.t.c.s.AbstractContextLoader[0;39m - Could not detect default resource locations for test class [com.te.bookmydoctor.resource.PatientResourceTest]: no resource found for suffixes {-context.xml, Context.groovy}. 
2021-12-10 11:26:20,488 [main] [36mo.s.t.c.s.AnnotationConfigContextLoaderUtils[0;39m - Could not detect default configuration classes for test class [com.te.bookmydoctor.resource.PatientResourceTest]: PatientResourceTest does not declare any static, non-private, non-final, nested classes annotated with @Configuration. 
2021-12-10 11:26:20,532 [main] [36mo.s.b.t.c.SpringBootTestContextBootstrapper[0;39m - Found @SpringBootConfiguration com.te.bookmydoctor.BookMyDocApplication for test class com.te.bookmydoctor.resource.PatientResourceTest 
2021-12-10 11:26:20,539 [main] [36mo.s.b.t.c.SpringBootTestContextBootstrapper[0;39m - Loaded default TestExecutionListener class names from location [META-INF/spring.factories]: [org.springframework.boot.test.mock.mockito.MockitoTestExecutionListener, org.springframework.boot.test.mock.mockito.ResetMocksTestExecutionListener, org.springframework.boot.test.autoconfigure.restdocs.RestDocsTestExecutionListener, org.springframework.boot.test.autoconfigure.web.client.MockRestServiceServerResetTestExecutionListener, org.springframework.boot.test.autoconfigure.web.servlet.MockMvcPrintOnlyOnFailureTestExecutionListener, org.springframework.boot.test.autoconfigure.web.servlet.WebDriverTestExecutionListener, org.springframework.boot.test.autoconfigure.webservices.client.MockWebServiceServerTestExecutionListener, org.springframework.test.context.web.ServletTestExecutionListener, org.springframework.test.context.support.DirtiesContextBeforeModesTestExecutionListener, org.springframework.test.context.event.ApplicationEventsTestExecutionListener, org.springframework.test.context.support.DependencyInjectionTestExecutionListener, org.springframework.test.context.support.DirtiesContextTestExecutionListener, org.springframework.test.context.transaction.TransactionalTestExecutionListener, org.springframework.test.context.jdbc.SqlScriptsTestExecutionListener, org.springframework.test.context.event.EventPublishingTestExecutionListener, org.springframework.security.test.context.support.WithSecurityContextTestExecutionListener, org.springframework.security.test.context.support.ReactorContextTestExecutionListener] 
2021-12-10 11:26:20,541 [main] [36mo.s.b.t.c.SpringBootTestContextBootstrapper[0;39m - Using TestExecutionListeners: [org.springframework.test.context.web.ServletTestExecutionListener@1a26eecb, org.springframework.test.context.support.DirtiesContextBeforeModesTestExecutionListener@6382bc3f, org.springframework.test.context.event.ApplicationEventsTestExecutionListener@28a821f9, org.springframework.boot.test.mock.mockito.MockitoTestExecutionListener@2a4137a2, org.springframework.boot.test.autoconfigure.SpringBootDependencyInjectionTestExecutionListener@7bcd497, org.springframework.test.context.support.DirtiesContextTestExecutionListener@71a9e31b, org.springframework.test.context.transaction.TransactionalTestExecutionListener@18e7b33e, org.springframework.test.context.jdbc.SqlScriptsTestExecutionListener@3b386ba7, org.springframework.test.context.event.EventPublishingTestExecutionListener@5a41183b, org.springframework.security.test.context.support.WithSecurityContextTestExecutionListener@644e9953, org.springframework.security.test.context.support.ReactorContextTestExecutionListener@4115b8a7, org.springframework.boot.test.mock.mockito.ResetMocksTestExecutionListener@39889671, org.springframework.boot.test.autoconfigure.restdocs.RestDocsTestExecutionListener@6b5ad1bb, org.springframework.boot.test.autoconfigure.web.client.MockRestServiceServerResetTestExecutionListener@7b4e5982, org.springframework.boot.test.autoconfigure.web.servlet.MockMvcPrintOnlyOnFailureTestExecutionListener@17f216cc, org.springframework.boot.test.autoconfigure.web.servlet.WebDriverTestExecutionListener@6ab4215d, org.springframework.boot.test.autoconfigure.webservices.client.MockWebServiceServerTestExecutionListener@57dee2b9] 
2021-12-10 11:26:20,644 [main] [36mo.s.m.w.MockServletContext[0;39m - Initializing Spring TestDispatcherServlet '' 
2021-12-10 11:26:20,645 [main] [36mo.s.t.w.s.TestDispatcherServlet[0;39m - Initializing Servlet '' 
2021-12-10 11:26:20,645 [main] [36mo.s.t.w.s.TestDispatcherServlet[0;39m - Completed initialization in 0 ms 
2021-12-10 11:26:20,795 [main] [36mc.t.b.r.PatientResource[0;39m - Patient Gave Feedback Sucessfully 
2021-12-10 11:26:20,871 [main] [36mo.s.m.w.MockServletContext[0;39m - Initializing Spring TestDispatcherServlet '' 
2021-12-10 11:26:20,876 [main] [36mo.s.t.w.s.TestDispatcherServlet[0;39m - Initializing Servlet '' 
2021-12-10 11:26:20,878 [main] [36mo.s.t.w.s.TestDispatcherServlet[0;39m - Completed initialization in 0 ms 
2021-12-10 11:26:20,892 [main] [36mc.t.b.r.PatientResource[0;39m - Checking the Appointment Status 
2021-12-10 11:26:20,982 [main] [36mo.s.m.w.MockServletContext[0;39m - Initializing Spring TestDispatcherServlet '' 
2021-12-10 11:26:20,982 [main] [36mo.s.t.w.s.TestDispatcherServlet[0;39m - Initializing Servlet '' 
2021-12-10 11:26:20,983 [main] [36mo.s.t.w.s.TestDispatcherServlet[0;39m - Completed initialization in 1 ms 
2021-12-10 11:26:21,111 [main] [36mo.s.m.w.MockServletContext[0;39m - Initializing Spring TestDispatcherServlet '' 
2021-12-10 11:26:21,111 [main] [36mo.s.t.w.s.TestDispatcherServlet[0;39m - Initializing Servlet '' 
2021-12-10 11:26:21,111 [main] [36mo.s.t.w.s.TestDispatcherServlet[0;39m - Completed initialization in 0 ms 
2021-12-10 11:26:21,118 [main] [36mc.t.b.r.PatientResource[0;39m - Patient Registration Was Done Successfully 
2021-12-10 11:26:21,171 [main] [36mo.s.m.w.MockServletContext[0;39m - Initializing Spring TestDispatcherServlet '' 
2021-12-10 11:26:21,171 [main] [36mo.s.t.w.s.TestDispatcherServlet[0;39m - Initializing Servlet '' 
2021-12-10 11:26:21,172 [main] [36mo.s.t.w.s.TestDispatcherServlet[0;39m - Completed initialization in 1 ms 
2021-12-10 11:26:22,316 [main] [36mc.t.b.r.PatientResource[0;39m - Patient Registration Successful 
2021-12-10 11:26:22,348 [main] [36mo.s.m.w.MockServletContext[0;39m - Initializing Spring TestDispatcherServlet '' 
2021-12-10 11:26:22,349 [main] [36mo.s.t.w.s.TestDispatcherServlet[0;39m - Initializing Servlet '' 
2021-12-10 11:26:22,349 [main] [36mo.s.t.w.s.TestDispatcherServlet[0;39m - Completed initialization in 0 ms 
2021-12-10 11:26:22,380 [main] [36mc.t.b.r.PatientResource[0;39m - Verify Your Account For Successfull Registration 
2021-12-10 11:26:22,416 [main] [36mo.s.m.w.MockServletContext[0;39m - Initializing Spring TestDispatcherServlet '' 
2021-12-10 11:26:22,417 [main] [36mo.s.t.w.s.TestDispatcherServlet[0;39m - Initializing Servlet '' 
2021-12-10 11:26:22,417 [main] [36mo.s.t.w.s.TestDispatcherServlet[0;39m - Completed initialization in 0 ms 
2021-12-10 11:26:22,427 [main] [36mc.t.b.r.PatientResource[0;39m - Appointment Is Fixed 
2021-12-10 11:26:22,450 [main] [36mo.s.b.t.c.SpringBootTestContextBootstrapper[0;39m - Neither @ContextConfiguration nor @ContextHierarchy found for test class [com.te.bookmydoctor.service.AdminServiceImplTest], using SpringBootContextLoader 
2021-12-10 11:26:22,451 [main] [36mo.s.t.c.s.AbstractContextLoader[0;39m - Could not detect default resource locations for test class [com.te.bookmydoctor.service.AdminServiceImplTest]: no resource found for suffixes {-context.xml, Context.groovy}. 
2021-12-10 11:26:22,452 [main] [36mo.s.t.c.s.AnnotationConfigContextLoaderUtils[0;39m - Could not detect default configuration classes for test class [com.te.bookmydoctor.service.AdminServiceImplTest]: AdminServiceImplTest does not declare any static, non-private, non-final, nested classes annotated with @Configuration. 
2021-12-10 11:26:22,600 [main] [36mo.s.b.t.c.SpringBootTestContextBootstrapper[0;39m - Found @SpringBootConfiguration com.te.bookmydoctor.BookMyDocApplication for test class com.te.bookmydoctor.service.AdminServiceImplTest 
2021-12-10 11:26:22,604 [main] [36mo.s.b.t.c.SpringBootTestContextBootstrapper[0;39m - Loaded default TestExecutionListener class names from location [META-INF/spring.factories]: [org.springframework.boot.test.mock.mockito.MockitoTestExecutionListener, org.springframework.boot.test.mock.mockito.ResetMocksTestExecutionListener, org.springframework.boot.test.autoconfigure.restdocs.RestDocsTestExecutionListener, org.springframework.boot.test.autoconfigure.web.client.MockRestServiceServerResetTestExecutionListener, org.springframework.boot.test.autoconfigure.web.servlet.MockMvcPrintOnlyOnFailureTestExecutionListener, org.springframework.boot.test.autoconfigure.web.servlet.WebDriverTestExecutionListener, org.springframework.boot.test.autoconfigure.webservices.client.MockWebServiceServerTestExecutionListener, org.springframework.test.context.web.ServletTestExecutionListener, org.springframework.test.context.support.DirtiesContextBeforeModesTestExecutionListener, org.springframework.test.context.event.ApplicationEventsTestExecutionListener, org.springframework.test.context.support.DependencyInjectionTestExecutionListener, org.springframework.test.context.support.DirtiesContextTestExecutionListener, org.springframework.test.context.transaction.TransactionalTestExecutionListener, org.springframework.test.context.jdbc.SqlScriptsTestExecutionListener, org.springframework.test.context.event.EventPublishingTestExecutionListener, org.springframework.security.test.context.support.WithSecurityContextTestExecutionListener, org.springframework.security.test.context.support.ReactorContextTestExecutionListener] 
2021-12-10 11:26:22,605 [main] [36mo.s.b.t.c.SpringBootTestContextBootstrapper[0;39m - Using TestExecutionListeners: [org.springframework.test.context.web.ServletTestExecutionListener@7aead7d9, org.springframework.test.context.support.DirtiesContextBeforeModesTestExecutionListener@605790e5, org.springframework.test.context.event.ApplicationEventsTestExecutionListener@c7ec499, org.springframework.boot.test.mock.mockito.MockitoTestExecutionListener@38300447, org.springframework.boot.test.autoconfigure.SpringBootDependencyInjectionTestExecutionListener@14484887, org.springframework.test.context.support.DirtiesContextTestExecutionListener@48c42253, org.springframework.test.context.transaction.TransactionalTestExecutionListener@32647dde, org.springframework.test.context.jdbc.SqlScriptsTestExecutionListener@ace45e9, org.springframework.test.context.event.EventPublishingTestExecutionListener@5c943847, org.springframework.security.test.context.support.WithSecurityContextTestExecutionListener@352b5f3c, org.springframework.security.test.context.support.ReactorContextTestExecutionListener@24305eca, org.springframework.boot.test.mock.mockito.ResetMocksTestExecutionListener@5ca9a6a8, org.springframework.boot.test.autoconfigure.restdocs.RestDocsTestExecutionListener@2102eb7a, org.springframework.boot.test.autoconfigure.web.client.MockRestServiceServerResetTestExecutionListener@4ebf82d9, org.springframework.boot.test.autoconfigure.web.servlet.MockMvcPrintOnlyOnFailureTestExecutionListener@685f43ca, org.springframework.boot.test.autoconfigure.web.servlet.WebDriverTestExecutionListener@7952348f, org.springframework.boot.test.autoconfigure.webservices.client.MockWebServiceServerTestExecutionListener@4f3d49e4] 
2021-12-10 11:26:23,038 [main] [36mo.s.b.t.c.SpringBootTestContextBootstrapper[0;39m - Neither @ContextConfiguration nor @ContextHierarchy found for test class [com.te.bookmydoctor.service.DoctorServiceImplTest], using SpringBootContextLoader 
2021-12-10 11:26:23,041 [main] [36mo.s.t.c.s.AbstractContextLoader[0;39m - Could not detect default resource locations for test class [com.te.bookmydoctor.service.DoctorServiceImplTest]: no resource found for suffixes {-context.xml, Context.groovy}. 
2021-12-10 11:26:23,043 [main] [36mo.s.t.c.s.AnnotationConfigContextLoaderUtils[0;39m - Could not detect default configuration classes for test class [com.te.bookmydoctor.service.DoctorServiceImplTest]: DoctorServiceImplTest does not declare any static, non-private, non-final, nested classes annotated with @Configuration. 
2021-12-10 11:26:23,046 [main] [36mo.s.b.t.c.SpringBootTestContextBootstrapper[0;39m - Found @SpringBootConfiguration com.te.bookmydoctor.BookMyDocApplication for test class com.te.bookmydoctor.service.DoctorServiceImplTest 
2021-12-10 11:26:23,048 [main] [36mo.s.b.t.c.SpringBootTestContextBootstrapper[0;39m - Loaded default TestExecutionListener class names from location [META-INF/spring.factories]: [org.springframework.boot.test.mock.mockito.MockitoTestExecutionListener, org.springframework.boot.test.mock.mockito.ResetMocksTestExecutionListener, org.springframework.boot.test.autoconfigure.restdocs.RestDocsTestExecutionListener, org.springframework.boot.test.autoconfigure.web.client.MockRestServiceServerResetTestExecutionListener, org.springframework.boot.test.autoconfigure.web.servlet.MockMvcPrintOnlyOnFailureTestExecutionListener, org.springframework.boot.test.autoconfigure.web.servlet.WebDriverTestExecutionListener, org.springframework.boot.test.autoconfigure.webservices.client.MockWebServiceServerTestExecutionListener, org.springframework.test.context.web.ServletTestExecutionListener, org.springframework.test.context.support.DirtiesContextBeforeModesTestExecutionListener, org.springframework.test.context.event.ApplicationEventsTestExecutionListener, org.springframework.test.context.support.DependencyInjectionTestExecutionListener, org.springframework.test.context.support.DirtiesContextTestExecutionListener, org.springframework.test.context.transaction.TransactionalTestExecutionListener, org.springframework.test.context.jdbc.SqlScriptsTestExecutionListener, org.springframework.test.context.event.EventPublishingTestExecutionListener, org.springframework.security.test.context.support.WithSecurityContextTestExecutionListener, org.springframework.security.test.context.support.ReactorContextTestExecutionListener] 
2021-12-10 11:26:23,050 [main] [36mo.s.b.t.c.SpringBootTestContextBootstrapper[0;39m - Using TestExecutionListeners: [org.springframework.test.context.web.ServletTestExecutionListener@14426256, org.springframework.test.context.support.DirtiesContextBeforeModesTestExecutionListener@17aa06eb, org.springframework.test.context.event.ApplicationEventsTestExecutionListener@370c9681, org.springframework.boot.test.mock.mockito.MockitoTestExecutionListener@419fc1d6, org.springframework.boot.test.autoconfigure.SpringBootDependencyInjectionTestExecutionListener@46c85b61, org.springframework.test.context.support.DirtiesContextTestExecutionListener@192800d, org.springframework.test.context.transaction.TransactionalTestExecutionListener@52f9a620, org.springframework.test.context.jdbc.SqlScriptsTestExecutionListener@6d575cd8, org.springframework.test.context.event.EventPublishingTestExecutionListener@69c00140, org.springframework.security.test.context.support.WithSecurityContextTestExecutionListener@7cc7769d, org.springframework.security.test.context.support.ReactorContextTestExecutionListener@63100783, org.springframework.boot.test.mock.mockito.ResetMocksTestExecutionListener@34f636a5, org.springframework.boot.test.autoconfigure.restdocs.RestDocsTestExecutionListener@5d55eb7a, org.springframework.boot.test.autoconfigure.web.client.MockRestServiceServerResetTestExecutionListener@1ae11dd3, org.springframework.boot.test.autoconfigure.web.servlet.MockMvcPrintOnlyOnFailureTestExecutionListener@79ae2d13, org.springframework.boot.test.autoconfigure.web.servlet.WebDriverTestExecutionListener@7ce87f9d, org.springframework.boot.test.autoconfigure.webservices.client.MockWebServiceServerTestExecutionListener@e944541] 
2021-12-10 11:26:23,500 [main] [36mo.s.b.t.c.SpringBootTestContextBootstrapper[0;39m - Neither @ContextConfiguration nor @ContextHierarchy found for test class [com.te.bookmydoctor.service.PatientServiceImplTest], using SpringBootContextLoader 
2021-12-10 11:26:23,505 [main] [36mo.s.t.c.s.AbstractContextLoader[0;39m - Could not detect default resource locations for test class [com.te.bookmydoctor.service.PatientServiceImplTest]: no resource found for suffixes {-context.xml, Context.groovy}. 
2021-12-10 11:26:23,505 [main] [36mo.s.t.c.s.AnnotationConfigContextLoaderUtils[0;39m - Could not detect default configuration classes for test class [com.te.bookmydoctor.service.PatientServiceImplTest]: PatientServiceImplTest does not declare any static, non-private, non-final, nested classes annotated with @Configuration. 
2021-12-10 11:26:23,510 [main] [36mo.s.b.t.c.SpringBootTestContextBootstrapper[0;39m - Found @SpringBootConfiguration com.te.bookmydoctor.BookMyDocApplication for test class com.te.bookmydoctor.service.PatientServiceImplTest 
2021-12-10 11:26:23,513 [main] [36mo.s.b.t.c.SpringBootTestContextBootstrapper[0;39m - Loaded default TestExecutionListener class names from location [META-INF/spring.factories]: [org.springframework.boot.test.mock.mockito.MockitoTestExecutionListener, org.springframework.boot.test.mock.mockito.ResetMocksTestExecutionListener, org.springframework.boot.test.autoconfigure.restdocs.RestDocsTestExecutionListener, org.springframework.boot.test.autoconfigure.web.client.MockRestServiceServerResetTestExecutionListener, org.springframework.boot.test.autoconfigure.web.servlet.MockMvcPrintOnlyOnFailureTestExecutionListener, org.springframework.boot.test.autoconfigure.web.servlet.WebDriverTestExecutionListener, org.springframework.boot.test.autoconfigure.webservices.client.MockWebServiceServerTestExecutionListener, org.springframework.test.context.web.ServletTestExecutionListener, org.springframework.test.context.support.DirtiesContextBeforeModesTestExecutionListener, org.springframework.test.context.event.ApplicationEventsTestExecutionListener, org.springframework.test.context.support.DependencyInjectionTestExecutionListener, org.springframework.test.context.support.DirtiesContextTestExecutionListener, org.springframework.test.context.transaction.TransactionalTestExecutionListener, org.springframework.test.context.jdbc.SqlScriptsTestExecutionListener, org.springframework.test.context.event.EventPublishingTestExecutionListener, org.springframework.security.test.context.support.WithSecurityContextTestExecutionListener, org.springframework.security.test.context.support.ReactorContextTestExecutionListener] 
2021-12-10 11:26:23,517 [main] [36mo.s.b.t.c.SpringBootTestContextBootstrapper[0;39m - Using TestExecutionListeners: [org.springframework.test.context.web.ServletTestExecutionListener@42ffabb, org.springframework.test.context.support.DirtiesContextBeforeModesTestExecutionListener@7a63c618, org.springframework.test.context.event.ApplicationEventsTestExecutionListener@10009505, org.springframework.boot.test.mock.mockito.MockitoTestExecutionListener@8dbe78f, org.springframework.boot.test.autoconfigure.SpringBootDependencyInjectionTestExecutionListener@735a3e0d, org.springframework.test.context.support.DirtiesContextTestExecutionListener@17ed6578, org.springframework.test.context.transaction.TransactionalTestExecutionListener@351623d, org.springframework.test.context.jdbc.SqlScriptsTestExecutionListener@54610a47, org.springframework.test.context.event.EventPublishingTestExecutionListener@7669fc90, org.springframework.security.test.context.support.WithSecurityContextTestExecutionListener@a538180, org.springframework.security.test.context.support.ReactorContextTestExecutionListener@21b4a7d, org.springframework.boot.test.mock.mockito.ResetMocksTestExecutionListener@5e744b4b, org.springframework.boot.test.autoconfigure.restdocs.RestDocsTestExecutionListener@6740b169, org.springframework.boot.test.autoconfigure.web.client.MockRestServiceServerResetTestExecutionListener@71897380, org.springframework.boot.test.autoconfigure.web.servlet.MockMvcPrintOnlyOnFailureTestExecutionListener@2919976e, org.springframework.boot.test.autoconfigure.web.servlet.WebDriverTestExecutionListener@55cbbf15, org.springframework.boot.test.autoconfigure.webservices.client.MockWebServiceServerTestExecutionListener@37e2873c] 
2021-12-10 11:26:24,085 [main] [36mc.t.b.s.PatientServiceImpl[0;39m - Appointment Is Fixed 
2021-12-10 11:26:24,167 [SpringApplicationShutdownHook] [36mo.s.o.j.LocalContainerEntityManagerFactoryBean[0;39m - Closing JPA EntityManagerFactory for persistence unit 'default' 
2021-12-10 11:26:24,172 [SpringApplicationShutdownHook] [36mc.z.h.HikariDataSource[0;39m - HikariPool-1 - Shutdown initiated... 
2021-12-10 11:26:24,235 [SpringApplicationShutdownHook] [36mc.z.h.HikariDataSource[0;39m - HikariPool-1 - Shutdown completed. 
2021-12-10 11:36:01,403 [main] [36mc.t.b.r.AdminResourceTest[0;39m - Starting AdminResourceTest using Java 11.0.9 on DESKTOP-7G56MR9 with PID 3140 (started by Sahid in E:\TechnoElevate_Spring Boot Rest\book-my-doctor) 
2021-12-10 11:36:01,407 [main] [36mc.t.b.r.AdminResourceTest[0;39m - No active profile set, falling back to default profiles: default 
2021-12-10 11:36:05,809 [main] [36mo.s.d.r.c.RepositoryConfigurationDelegate[0;39m - Bootstrapping Spring Data JPA repositories in DEFAULT mode. 
2021-12-10 11:36:06,147 [main] [36mo.s.d.r.c.RepositoryConfigurationDelegate[0;39m - Finished Spring Data repository scanning in 317 ms. Found 11 JPA repository interfaces. 
2021-12-10 11:36:09,475 [main] [36mo.h.j.i.u.LogHelper[0;39m - HHH000204: Processing PersistenceUnitInfo [name: default] 
2021-12-10 11:36:09,663 [main] [36mo.h.Version[0;39m - HHH000412: Hibernate ORM core version 5.6.1.Final 
2021-12-10 11:36:10,147 [main] [36mo.h.a.c.Version[0;39m - HCANN000001: Hibernate Commons Annotations {5.1.2.Final} 
2021-12-10 11:36:11,132 [main] [36mc.z.h.HikariDataSource[0;39m - HikariPool-1 - Starting... 
2021-12-10 11:36:11,666 [main] [36mc.z.h.HikariDataSource[0;39m - HikariPool-1 - Start completed. 
2021-12-10 11:36:11,744 [main] [36mo.h.d.Dialect[0;39m - HHH000400: Using dialect: org.hibernate.dialect.MySQL55Dialect 
2021-12-10 11:36:15,837 [main] [36mo.h.e.t.j.p.i.JtaPlatformInitiator[0;39m - HHH000490: Using JtaPlatform implementation: [org.hibernate.engine.transaction.jta.platform.internal.NoJtaPlatform] 
2021-12-10 11:36:15,870 [main] [36mo.s.o.j.LocalContainerEntityManagerFactoryBean[0;39m - Initialized JPA EntityManagerFactory for persistence unit 'default' 
2021-12-10 11:36:18,121 [main] [36mo.s.b.a.o.j.JpaBaseConfiguration$JpaWebConfiguration[0;39m - spring.jpa.open-in-view is enabled by default. Therefore, database queries may be performed during view rendering. Explicitly configure spring.jpa.open-in-view to disable this warning 
2021-12-10 11:36:20,631 [main] [36mo.s.s.w.DefaultSecurityFilterChain[0;39m - Will secure Ant [pattern='/v2/api-docs'] with [] 
2021-12-10 11:36:20,631 [main] [36mo.s.s.w.DefaultSecurityFilterChain[0;39m - Will secure Ant [pattern='/swagger-resources/configuration/ui'] with [] 
2021-12-10 11:36:20,632 [main] [36mo.s.s.w.DefaultSecurityFilterChain[0;39m - Will secure Ant [pattern='/swagger-resources'] with [] 
2021-12-10 11:36:20,632 [main] [36mo.s.s.w.DefaultSecurityFilterChain[0;39m - Will secure Ant [pattern='/swagger-resources/configuration/security'] with [] 
2021-12-10 11:36:20,632 [main] [36mo.s.s.w.DefaultSecurityFilterChain[0;39m - Will secure Ant [pattern='/swagger-ui.html'] with [] 
2021-12-10 11:36:20,633 [main] [36mo.s.s.w.DefaultSecurityFilterChain[0;39m - Will secure Ant [pattern='/webjars/**'] with [] 
2021-12-10 11:36:20,899 [main] [36mo.s.s.w.DefaultSecurityFilterChain[0;39m - Will secure any request with [org.springframework.security.web.context.request.async.WebAsyncManagerIntegrationFilter@71739267, org.springframework.security.web.context.SecurityContextPersistenceFilter@63019596, org.springframework.security.web.header.HeaderWriterFilter@701153c1, org.springframework.security.web.authentication.logout.LogoutFilter@77ac7cd6, com.te.bookmydoctor.filter.CustomAuthorizationFilter@6d810e94, com.te.bookmydoctor.filter.CustomAuthenticattionFilter@6b9ce7a3, org.springframework.security.web.savedrequest.RequestCacheAwareFilter@51bba775, org.springframework.security.web.servletapi.SecurityContextHolderAwareRequestFilter@7bbab46e, org.springframework.security.web.authentication.AnonymousAuthenticationFilter@17931cc0, org.springframework.security.web.session.SessionManagementFilter@49620576, org.springframework.security.web.access.ExceptionTranslationFilter@4c2812aa, org.springframework.security.web.access.intercept.FilterSecurityInterceptor@377b7798] 
2021-12-10 11:36:21,090 [main] [36ms.d.s.w.PropertySourcedRequestMappingHandlerMapping[0;39m - Mapped URL path [/v2/api-docs] onto method [springfox.documentation.swagger2.web.Swagger2Controller#getDocumentation(String, HttpServletRequest)] 
2021-12-10 11:36:23,022 [main] [36ms.d.s.w.p.DocumentationPluginsBootstrapper[0;39m - Context refreshed 
2021-12-10 11:36:23,093 [main] [36ms.d.s.w.p.DocumentationPluginsBootstrapper[0;39m - Found 1 custom documentation plugin(s) 
2021-12-10 11:36:23,174 [main] [36ms.d.s.w.s.ApiListingReferenceScanner[0;39m - Scanning for api listing references 
2021-12-10 11:36:23,650 [main] [36ms.d.s.w.r.o.CachingOperationNameGenerator[0;39m - Generating unique operation named: removeDoctorUsingGET_1 
2021-12-10 11:36:24,181 [main] [36mc.t.b.r.AdminResourceTest[0;39m - Started AdminResourceTest in 24.715 seconds (JVM running for 44.855) 
2021-12-10 11:36:24,819 [main] [36mo.s.m.w.MockServletContext[0;39m - Initializing Spring TestDispatcherServlet '' 
2021-12-10 11:36:24,825 [main] [36mo.s.t.w.s.TestDispatcherServlet[0;39m - Initializing Servlet '' 
2021-12-10 11:36:24,827 [main] [36mo.s.t.w.s.TestDispatcherServlet[0;39m - Completed initialization in 1 ms 
2021-12-10 11:36:25,042 [main] [36mc.t.b.r.AdminResource[0;39m - All Doctor Details Fetched Successfully 
2021-12-10 11:36:25,263 [main] [36mo.s.m.w.MockServletContext[0;39m - Initializing Spring TestDispatcherServlet '' 
2021-12-10 11:36:25,264 [main] [36mo.s.t.w.s.TestDispatcherServlet[0;39m - Initializing Servlet '' 
2021-12-10 11:36:25,266 [main] [36mo.s.t.w.s.TestDispatcherServlet[0;39m - Completed initialization in 0 ms 
2021-12-10 11:36:25,295 [main] [36mc.t.b.r.AdminResource[0;39m - Patient is Verified Successfully 
2021-12-10 11:36:25,406 [main] [36mo.s.m.w.MockServletContext[0;39m - Initializing Spring TestDispatcherServlet '' 
2021-12-10 11:36:25,406 [main] [36mo.s.t.w.s.TestDispatcherServlet[0;39m - Initializing Servlet '' 
2021-12-10 11:36:25,407 [main] [36mo.s.t.w.s.TestDispatcherServlet[0;39m - Completed initialization in 1 ms 
2021-12-10 11:36:25,416 [main] [36mc.t.b.r.AdminResource[0;39m - Patient Deleted Sucessfully 
2021-12-10 11:36:25,467 [main] [36mo.s.m.w.MockServletContext[0;39m - Initializing Spring TestDispatcherServlet '' 
2021-12-10 11:36:25,467 [main] [36mo.s.t.w.s.TestDispatcherServlet[0;39m - Initializing Servlet '' 
2021-12-10 11:36:25,468 [main] [36mo.s.t.w.s.TestDispatcherServlet[0;39m - Completed initialization in 1 ms 
2021-12-10 11:36:25,473 [main] [36mc.t.b.r.AdminResource[0;39m - Patient Sahid Alom 
2021-12-10 11:36:25,538 [main] [36mo.s.m.w.MockServletContext[0;39m - Initializing Spring TestDispatcherServlet '' 
2021-12-10 11:36:25,539 [main] [36mo.s.t.w.s.TestDispatcherServlet[0;39m - Initializing Servlet '' 
2021-12-10 11:36:25,539 [main] [36mo.s.t.w.s.TestDispatcherServlet[0;39m - Completed initialization in 0 ms 
2021-12-10 11:36:25,547 [main] [36mc.t.b.r.AdminResource[0;39m - Doctor Deleted Successfully 
2021-12-10 11:36:25,597 [main] [36mo.s.m.w.MockServletContext[0;39m - Initializing Spring TestDispatcherServlet '' 
2021-12-10 11:36:25,598 [main] [36mo.s.t.w.s.TestDispatcherServlet[0;39m - Initializing Servlet '' 
2021-12-10 11:36:25,598 [main] [36mo.s.t.w.s.TestDispatcherServlet[0;39m - Completed initialization in 0 ms 
2021-12-10 11:36:25,607 [main] [36mc.t.b.r.AdminResource[0;39m - All Doctor Details Fetched Successfully 
2021-12-10 11:36:25,676 [main] [36mo.s.m.w.MockServletContext[0;39m - Initializing Spring TestDispatcherServlet '' 
2021-12-10 11:36:25,676 [main] [36mo.s.t.w.s.TestDispatcherServlet[0;39m - Initializing Servlet '' 
2021-12-10 11:36:25,677 [main] [36mo.s.t.w.s.TestDispatcherServlet[0;39m - Completed initialization in 1 ms 
2021-12-10 11:36:25,690 [main] [36mc.t.b.r.AdminResource[0;39m - Doctor Fetched Successfully 
2021-12-10 11:36:25,748 [main] [36mo.s.m.w.MockServletContext[0;39m - Initializing Spring TestDispatcherServlet '' 
2021-12-10 11:36:25,748 [main] [36mo.s.t.w.s.TestDispatcherServlet[0;39m - Initializing Servlet '' 
2021-12-10 11:36:25,749 [main] [36mo.s.t.w.s.TestDispatcherServlet[0;39m - Completed initialization in 0 ms 
2021-12-10 11:36:25,755 [main] [36mc.t.b.r.AdminResource[0;39m - Doctor is Verified Successfully 
2021-12-10 11:36:25,781 [main] [36mo.s.b.t.c.SpringBootTestContextBootstrapper[0;39m - Neither @ContextConfiguration nor @ContextHierarchy found for test class [com.te.bookmydoctor.resource.DoctorResourceTest], using SpringBootContextLoader 
2021-12-10 11:36:25,788 [main] [36mo.s.t.c.s.AbstractContextLoader[0;39m - Could not detect default resource locations for test class [com.te.bookmydoctor.resource.DoctorResourceTest]: no resource found for suffixes {-context.xml, Context.groovy}. 
2021-12-10 11:36:25,789 [main] [36mo.s.t.c.s.AnnotationConfigContextLoaderUtils[0;39m - Could not detect default configuration classes for test class [com.te.bookmydoctor.resource.DoctorResourceTest]: DoctorResourceTest does not declare any static, non-private, non-final, nested classes annotated with @Configuration. 
2021-12-10 11:36:25,796 [main] [36mo.s.b.t.c.SpringBootTestContextBootstrapper[0;39m - Found @SpringBootConfiguration com.te.bookmydoctor.BookMyDocApplication for test class com.te.bookmydoctor.resource.DoctorResourceTest 
2021-12-10 11:36:25,802 [main] [36mo.s.b.t.c.SpringBootTestContextBootstrapper[0;39m - Loaded default TestExecutionListener class names from location [META-INF/spring.factories]: [org.springframework.boot.test.mock.mockito.MockitoTestExecutionListener, org.springframework.boot.test.mock.mockito.ResetMocksTestExecutionListener, org.springframework.boot.test.autoconfigure.restdocs.RestDocsTestExecutionListener, org.springframework.boot.test.autoconfigure.web.client.MockRestServiceServerResetTestExecutionListener, org.springframework.boot.test.autoconfigure.web.servlet.MockMvcPrintOnlyOnFailureTestExecutionListener, org.springframework.boot.test.autoconfigure.web.servlet.WebDriverTestExecutionListener, org.springframework.boot.test.autoconfigure.webservices.client.MockWebServiceServerTestExecutionListener, org.springframework.test.context.web.ServletTestExecutionListener, org.springframework.test.context.support.DirtiesContextBeforeModesTestExecutionListener, org.springframework.test.context.event.ApplicationEventsTestExecutionListener, org.springframework.test.context.support.DependencyInjectionTestExecutionListener, org.springframework.test.context.support.DirtiesContextTestExecutionListener, org.springframework.test.context.transaction.TransactionalTestExecutionListener, org.springframework.test.context.jdbc.SqlScriptsTestExecutionListener, org.springframework.test.context.event.EventPublishingTestExecutionListener, org.springframework.security.test.context.support.WithSecurityContextTestExecutionListener, org.springframework.security.test.context.support.ReactorContextTestExecutionListener] 
2021-12-10 11:36:25,809 [main] [36mo.s.b.t.c.SpringBootTestContextBootstrapper[0;39m - Using TestExecutionListeners: [org.springframework.test.context.web.ServletTestExecutionListener@74bca236, org.springframework.test.context.support.DirtiesContextBeforeModesTestExecutionListener@526fbb80, org.springframework.test.context.event.ApplicationEventsTestExecutionListener@33dcbdc2, org.springframework.boot.test.mock.mockito.MockitoTestExecutionListener@3e37c38f, org.springframework.boot.test.autoconfigure.SpringBootDependencyInjectionTestExecutionListener@2f0b7b6d, org.springframework.test.context.support.DirtiesContextTestExecutionListener@1766b7, org.springframework.test.context.transaction.TransactionalTestExecutionListener@56f3f9da, org.springframework.test.context.jdbc.SqlScriptsTestExecutionListener@56587330, org.springframework.test.context.event.EventPublishingTestExecutionListener@227cba85, org.springframework.security.test.context.support.WithSecurityContextTestExecutionListener@19e552a3, org.springframework.security.test.context.support.ReactorContextTestExecutionListener@5091456c, org.springframework.boot.test.mock.mockito.ResetMocksTestExecutionListener@45c57dbd, org.springframework.boot.test.autoconfigure.restdocs.RestDocsTestExecutionListener@22a5f12, org.springframework.boot.test.autoconfigure.web.client.MockRestServiceServerResetTestExecutionListener@316975be, org.springframework.boot.test.autoconfigure.web.servlet.MockMvcPrintOnlyOnFailureTestExecutionListener@6b09fcda, org.springframework.boot.test.autoconfigure.web.servlet.WebDriverTestExecutionListener@5cf4c93, org.springframework.boot.test.autoconfigure.webservices.client.MockWebServiceServerTestExecutionListener@55cd41f7] 
2021-12-10 11:36:25,914 [main] [36mo.s.m.w.MockServletContext[0;39m - Initializing Spring TestDispatcherServlet '' 
2021-12-10 11:36:25,917 [main] [36mo.s.t.w.s.TestDispatcherServlet[0;39m - Initializing Servlet '' 
2021-12-10 11:36:25,918 [main] [36mo.s.t.w.s.TestDispatcherServlet[0;39m - Completed initialization in 1 ms 
2021-12-10 11:36:25,925 [main] [36mc.t.b.r.DoctorResource[0;39m - Doctor Sucessfully Fetching His FeedBack Details 
2021-12-10 11:36:26,006 [main] [36mo.s.m.w.MockServletContext[0;39m - Initializing Spring TestDispatcherServlet '' 
2021-12-10 11:36:26,006 [main] [36mo.s.t.w.s.TestDispatcherServlet[0;39m - Initializing Servlet '' 
2021-12-10 11:36:26,006 [main] [36mo.s.t.w.s.TestDispatcherServlet[0;39m - Completed initialization in 0 ms 
2021-12-10 11:36:26,020 [main] [36mc.t.b.r.DoctorResource[0;39m - Doctor Details Was Deleted Successfully 
2021-12-10 11:36:26,094 [main] [36mo.s.m.w.MockServletContext[0;39m - Initializing Spring TestDispatcherServlet '' 
2021-12-10 11:36:26,095 [main] [36mo.s.t.w.s.TestDispatcherServlet[0;39m - Initializing Servlet '' 
2021-12-10 11:36:26,096 [main] [36mo.s.t.w.s.TestDispatcherServlet[0;39m - Completed initialization in 1 ms 
2021-12-10 11:36:26,156 [main] [36mc.t.b.r.DoctorResource[0;39m - Shivaa Registration Done Successfully And Need to Verify the Details  
2021-12-10 11:36:26,218 [main] [36mo.s.m.w.MockServletContext[0;39m - Initializing Spring TestDispatcherServlet '' 
2021-12-10 11:36:26,219 [main] [36mo.s.t.w.s.TestDispatcherServlet[0;39m - Initializing Servlet '' 
2021-12-10 11:36:26,267 [main] [36mo.s.t.w.s.TestDispatcherServlet[0;39m - Completed initialization in 0 ms 
2021-12-10 11:36:26,279 [main] [36mc.t.b.r.DoctorResource[0;39m - Doctor Viewing his Registration Verification Status And Status Is Verified  
2021-12-10 11:36:26,364 [main] [36mo.s.m.w.MockServletContext[0;39m - Initializing Spring TestDispatcherServlet '' 
2021-12-10 11:36:26,365 [main] [36mo.s.t.w.s.TestDispatcherServlet[0;39m - Initializing Servlet '' 
2021-12-10 11:36:26,366 [main] [36mo.s.t.w.s.TestDispatcherServlet[0;39m - Completed initialization in 1 ms 
2021-12-10 11:36:26,399 [main] [36mc.t.b.r.DoctorResource[0;39m - Doctor Sucessfully Fetching His Appointment Details 
2021-12-10 11:36:26,422 [main] [36mo.s.b.t.c.SpringBootTestContextBootstrapper[0;39m - Neither @ContextConfiguration nor @ContextHierarchy found for test class [com.te.bookmydoctor.resource.PatientResourceTest], using SpringBootContextLoader 
2021-12-10 11:36:26,425 [main] [36mo.s.t.c.s.AbstractContextLoader[0;39m - Could not detect default resource locations for test class [com.te.bookmydoctor.resource.PatientResourceTest]: no resource found for suffixes {-context.xml, Context.groovy}. 
2021-12-10 11:36:26,425 [main] [36mo.s.t.c.s.AnnotationConfigContextLoaderUtils[0;39m - Could not detect default configuration classes for test class [com.te.bookmydoctor.resource.PatientResourceTest]: PatientResourceTest does not declare any static, non-private, non-final, nested classes annotated with @Configuration. 
2021-12-10 11:36:26,427 [main] [36mo.s.b.t.c.SpringBootTestContextBootstrapper[0;39m - Found @SpringBootConfiguration com.te.bookmydoctor.BookMyDocApplication for test class com.te.bookmydoctor.resource.PatientResourceTest 
2021-12-10 11:36:26,431 [main] [36mo.s.b.t.c.SpringBootTestContextBootstrapper[0;39m - Loaded default TestExecutionListener class names from location [META-INF/spring.factories]: [org.springframework.boot.test.mock.mockito.MockitoTestExecutionListener, org.springframework.boot.test.mock.mockito.ResetMocksTestExecutionListener, org.springframework.boot.test.autoconfigure.restdocs.RestDocsTestExecutionListener, org.springframework.boot.test.autoconfigure.web.client.MockRestServiceServerResetTestExecutionListener, org.springframework.boot.test.autoconfigure.web.servlet.MockMvcPrintOnlyOnFailureTestExecutionListener, org.springframework.boot.test.autoconfigure.web.servlet.WebDriverTestExecutionListener, org.springframework.boot.test.autoconfigure.webservices.client.MockWebServiceServerTestExecutionListener, org.springframework.test.context.web.ServletTestExecutionListener, org.springframework.test.context.support.DirtiesContextBeforeModesTestExecutionListener, org.springframework.test.context.event.ApplicationEventsTestExecutionListener, org.springframework.test.context.support.DependencyInjectionTestExecutionListener, org.springframework.test.context.support.DirtiesContextTestExecutionListener, org.springframework.test.context.transaction.TransactionalTestExecutionListener, org.springframework.test.context.jdbc.SqlScriptsTestExecutionListener, org.springframework.test.context.event.EventPublishingTestExecutionListener, org.springframework.security.test.context.support.WithSecurityContextTestExecutionListener, org.springframework.security.test.context.support.ReactorContextTestExecutionListener] 
2021-12-10 11:36:26,433 [main] [36mo.s.b.t.c.SpringBootTestContextBootstrapper[0;39m - Using TestExecutionListeners: [org.springframework.test.context.web.ServletTestExecutionListener@3152a0a3, org.springframework.test.context.support.DirtiesContextBeforeModesTestExecutionListener@3405025a, org.springframework.test.context.event.ApplicationEventsTestExecutionListener@1e686da2, org.springframework.boot.test.mock.mockito.MockitoTestExecutionListener@3ce17e4, org.springframework.boot.test.autoconfigure.SpringBootDependencyInjectionTestExecutionListener@27bde886, org.springframework.test.context.support.DirtiesContextTestExecutionListener@3b3639f9, org.springframework.test.context.transaction.TransactionalTestExecutionListener@66ee4640, org.springframework.test.context.jdbc.SqlScriptsTestExecutionListener@156c1c4e, org.springframework.test.context.event.EventPublishingTestExecutionListener@5ddd3fbd, org.springframework.security.test.context.support.WithSecurityContextTestExecutionListener@57ae3c0e, org.springframework.security.test.context.support.ReactorContextTestExecutionListener@43e6bcfd, org.springframework.boot.test.mock.mockito.ResetMocksTestExecutionListener@361d56a3, org.springframework.boot.test.autoconfigure.restdocs.RestDocsTestExecutionListener@289a70a, org.springframework.boot.test.autoconfigure.web.client.MockRestServiceServerResetTestExecutionListener@2461b519, org.springframework.boot.test.autoconfigure.web.servlet.MockMvcPrintOnlyOnFailureTestExecutionListener@5216e43c, org.springframework.boot.test.autoconfigure.web.servlet.WebDriverTestExecutionListener@e620893, org.springframework.boot.test.autoconfigure.webservices.client.MockWebServiceServerTestExecutionListener@411c5fa2] 
2021-12-10 11:36:26,516 [main] [36mo.s.m.w.MockServletContext[0;39m - Initializing Spring TestDispatcherServlet '' 
2021-12-10 11:36:26,516 [main] [36mo.s.t.w.s.TestDispatcherServlet[0;39m - Initializing Servlet '' 
2021-12-10 11:36:26,517 [main] [36mo.s.t.w.s.TestDispatcherServlet[0;39m - Completed initialization in 1 ms 
2021-12-10 11:36:26,620 [main] [36mc.t.b.r.PatientResource[0;39m - Patient Gave Feedback Sucessfully 
2021-12-10 11:36:26,673 [main] [36mo.s.m.w.MockServletContext[0;39m - Initializing Spring TestDispatcherServlet '' 
2021-12-10 11:36:26,674 [main] [36mo.s.t.w.s.TestDispatcherServlet[0;39m - Initializing Servlet '' 
2021-12-10 11:36:26,675 [main] [36mo.s.t.w.s.TestDispatcherServlet[0;39m - Completed initialization in 0 ms 
2021-12-10 11:36:26,683 [main] [36mc.t.b.r.PatientResource[0;39m - Checking the Appointment Status 
2021-12-10 11:36:26,734 [main] [36mo.s.m.w.MockServletContext[0;39m - Initializing Spring TestDispatcherServlet '' 
2021-12-10 11:36:26,734 [main] [36mo.s.t.w.s.TestDispatcherServlet[0;39m - Initializing Servlet '' 
2021-12-10 11:36:26,735 [main] [36mo.s.t.w.s.TestDispatcherServlet[0;39m - Completed initialization in 0 ms 
2021-12-10 11:36:26,802 [main] [36mo.s.m.w.MockServletContext[0;39m - Initializing Spring TestDispatcherServlet '' 
2021-12-10 11:36:26,802 [main] [36mo.s.t.w.s.TestDispatcherServlet[0;39m - Initializing Servlet '' 
2021-12-10 11:36:26,802 [main] [36mo.s.t.w.s.TestDispatcherServlet[0;39m - Completed initialization in 0 ms 
2021-12-10 11:36:26,811 [main] [36mc.t.b.r.PatientResource[0;39m - Patient Registration Was Done Successfully 
2021-12-10 11:36:26,855 [main] [36mo.s.m.w.MockServletContext[0;39m - Initializing Spring TestDispatcherServlet '' 
2021-12-10 11:36:26,856 [main] [36mo.s.t.w.s.TestDispatcherServlet[0;39m - Initializing Servlet '' 
2021-12-10 11:36:26,857 [main] [36mo.s.t.w.s.TestDispatcherServlet[0;39m - Completed initialization in 1 ms 
2021-12-10 11:36:26,902 [main] [36mc.t.b.r.PatientResource[0;39m - Patient Registration Successful 
2021-12-10 11:36:26,958 [main] [36mo.s.m.w.MockServletContext[0;39m - Initializing Spring TestDispatcherServlet '' 
2021-12-10 11:36:26,958 [main] [36mo.s.t.w.s.TestDispatcherServlet[0;39m - Initializing Servlet '' 
2021-12-10 11:36:26,959 [main] [36mo.s.t.w.s.TestDispatcherServlet[0;39m - Completed initialization in 0 ms 
2021-12-10 11:36:26,975 [main] [36mc.t.b.r.PatientResource[0;39m - Verify Your Account For Successfull Registration 
2021-12-10 11:36:27,038 [main] [36mo.s.m.w.MockServletContext[0;39m - Initializing Spring TestDispatcherServlet '' 
2021-12-10 11:36:27,039 [main] [36mo.s.t.w.s.TestDispatcherServlet[0;39m - Initializing Servlet '' 
2021-12-10 11:36:27,039 [main] [36mo.s.t.w.s.TestDispatcherServlet[0;39m - Completed initialization in 0 ms 
2021-12-10 11:36:27,053 [main] [36mc.t.b.r.PatientResource[0;39m - Appointment Is Fixed 
2021-12-10 11:36:27,082 [main] [36mo.s.b.t.c.SpringBootTestContextBootstrapper[0;39m - Neither @ContextConfiguration nor @ContextHierarchy found for test class [com.te.bookmydoctor.service.AdminServiceImplTest], using SpringBootContextLoader 
2021-12-10 11:36:27,084 [main] [36mo.s.t.c.s.AbstractContextLoader[0;39m - Could not detect default resource locations for test class [com.te.bookmydoctor.service.AdminServiceImplTest]: no resource found for suffixes {-context.xml, Context.groovy}. 
2021-12-10 11:36:27,085 [main] [36mo.s.t.c.s.AnnotationConfigContextLoaderUtils[0;39m - Could not detect default configuration classes for test class [com.te.bookmydoctor.service.AdminServiceImplTest]: AdminServiceImplTest does not declare any static, non-private, non-final, nested classes annotated with @Configuration. 
2021-12-10 11:36:27,156 [main] [36mo.s.b.t.c.SpringBootTestContextBootstrapper[0;39m - Found @SpringBootConfiguration com.te.bookmydoctor.BookMyDocApplication for test class com.te.bookmydoctor.service.AdminServiceImplTest 
2021-12-10 11:36:27,159 [main] [36mo.s.b.t.c.SpringBootTestContextBootstrapper[0;39m - Loaded default TestExecutionListener class names from location [META-INF/spring.factories]: [org.springframework.boot.test.mock.mockito.MockitoTestExecutionListener, org.springframework.boot.test.mock.mockito.ResetMocksTestExecutionListener, org.springframework.boot.test.autoconfigure.restdocs.RestDocsTestExecutionListener, org.springframework.boot.test.autoconfigure.web.client.MockRestServiceServerResetTestExecutionListener, org.springframework.boot.test.autoconfigure.web.servlet.MockMvcPrintOnlyOnFailureTestExecutionListener, org.springframework.boot.test.autoconfigure.web.servlet.WebDriverTestExecutionListener, org.springframework.boot.test.autoconfigure.webservices.client.MockWebServiceServerTestExecutionListener, org.springframework.test.context.web.ServletTestExecutionListener, org.springframework.test.context.support.DirtiesContextBeforeModesTestExecutionListener, org.springframework.test.context.event.ApplicationEventsTestExecutionListener, org.springframework.test.context.support.DependencyInjectionTestExecutionListener, org.springframework.test.context.support.DirtiesContextTestExecutionListener, org.springframework.test.context.transaction.TransactionalTestExecutionListener, org.springframework.test.context.jdbc.SqlScriptsTestExecutionListener, org.springframework.test.context.event.EventPublishingTestExecutionListener, org.springframework.security.test.context.support.WithSecurityContextTestExecutionListener, org.springframework.security.test.context.support.ReactorContextTestExecutionListener] 
2021-12-10 11:36:27,161 [main] [36mo.s.b.t.c.SpringBootTestContextBootstrapper[0;39m - Using TestExecutionListeners: [org.springframework.test.context.web.ServletTestExecutionListener@785aeba9, org.springframework.test.context.support.DirtiesContextBeforeModesTestExecutionListener@1bd98c48, org.springframework.test.context.event.ApplicationEventsTestExecutionListener@5d9ccad2, org.springframework.boot.test.mock.mockito.MockitoTestExecutionListener@22fb60f3, org.springframework.boot.test.autoconfigure.SpringBootDependencyInjectionTestExecutionListener@dd3d0a6, org.springframework.test.context.support.DirtiesContextTestExecutionListener@5abfb698, org.springframework.test.context.transaction.TransactionalTestExecutionListener@61ce2d47, org.springframework.test.context.jdbc.SqlScriptsTestExecutionListener@184b3575, org.springframework.test.context.event.EventPublishingTestExecutionListener@b0e903a, org.springframework.security.test.context.support.WithSecurityContextTestExecutionListener@2ca2fcb5, org.springframework.security.test.context.support.ReactorContextTestExecutionListener@3c964873, org.springframework.boot.test.mock.mockito.ResetMocksTestExecutionListener@7db72209, org.springframework.boot.test.autoconfigure.restdocs.RestDocsTestExecutionListener@2c7e2c5, org.springframework.boot.test.autoconfigure.web.client.MockRestServiceServerResetTestExecutionListener@39bbe17c, org.springframework.boot.test.autoconfigure.web.servlet.MockMvcPrintOnlyOnFailureTestExecutionListener@3760f3e8, org.springframework.boot.test.autoconfigure.web.servlet.WebDriverTestExecutionListener@73032867, org.springframework.boot.test.autoconfigure.webservices.client.MockWebServiceServerTestExecutionListener@4e6f3d08] 
2021-12-10 11:36:28,060 [main] [36mo.s.b.t.c.SpringBootTestContextBootstrapper[0;39m - Neither @ContextConfiguration nor @ContextHierarchy found for test class [com.te.bookmydoctor.service.DoctorServiceImplTest], using SpringBootContextLoader 
2021-12-10 11:36:28,063 [main] [36mo.s.t.c.s.AbstractContextLoader[0;39m - Could not detect default resource locations for test class [com.te.bookmydoctor.service.DoctorServiceImplTest]: no resource found for suffixes {-context.xml, Context.groovy}. 
2021-12-10 11:36:28,064 [main] [36mo.s.t.c.s.AnnotationConfigContextLoaderUtils[0;39m - Could not detect default configuration classes for test class [com.te.bookmydoctor.service.DoctorServiceImplTest]: DoctorServiceImplTest does not declare any static, non-private, non-final, nested classes annotated with @Configuration. 
2021-12-10 11:36:28,066 [main] [36mo.s.b.t.c.SpringBootTestContextBootstrapper[0;39m - Found @SpringBootConfiguration com.te.bookmydoctor.BookMyDocApplication for test class com.te.bookmydoctor.service.DoctorServiceImplTest 
2021-12-10 11:36:28,069 [main] [36mo.s.b.t.c.SpringBootTestContextBootstrapper[0;39m - Loaded default TestExecutionListener class names from location [META-INF/spring.factories]: [org.springframework.boot.test.mock.mockito.MockitoTestExecutionListener, org.springframework.boot.test.mock.mockito.ResetMocksTestExecutionListener, org.springframework.boot.test.autoconfigure.restdocs.RestDocsTestExecutionListener, org.springframework.boot.test.autoconfigure.web.client.MockRestServiceServerResetTestExecutionListener, org.springframework.boot.test.autoconfigure.web.servlet.MockMvcPrintOnlyOnFailureTestExecutionListener, org.springframework.boot.test.autoconfigure.web.servlet.WebDriverTestExecutionListener, org.springframework.boot.test.autoconfigure.webservices.client.MockWebServiceServerTestExecutionListener, org.springframework.test.context.web.ServletTestExecutionListener, org.springframework.test.context.support.DirtiesContextBeforeModesTestExecutionListener, org.springframework.test.context.event.ApplicationEventsTestExecutionListener, org.springframework.test.context.support.DependencyInjectionTestExecutionListener, org.springframework.test.context.support.DirtiesContextTestExecutionListener, org.springframework.test.context.transaction.TransactionalTestExecutionListener, org.springframework.test.context.jdbc.SqlScriptsTestExecutionListener, org.springframework.test.context.event.EventPublishingTestExecutionListener, org.springframework.security.test.context.support.WithSecurityContextTestExecutionListener, org.springframework.security.test.context.support.ReactorContextTestExecutionListener] 
2021-12-10 11:36:28,070 [main] [36mo.s.b.t.c.SpringBootTestContextBootstrapper[0;39m - Using TestExecutionListeners: [org.springframework.test.context.web.ServletTestExecutionListener@8508dae, org.springframework.test.context.support.DirtiesContextBeforeModesTestExecutionListener@71d3776, org.springframework.test.context.event.ApplicationEventsTestExecutionListener@5303762f, org.springframework.boot.test.mock.mockito.MockitoTestExecutionListener@2ef99072, org.springframework.boot.test.autoconfigure.SpringBootDependencyInjectionTestExecutionListener@224855fe, org.springframework.test.context.support.DirtiesContextTestExecutionListener@4c006046, org.springframework.test.context.transaction.TransactionalTestExecutionListener@4fad5e7, org.springframework.test.context.jdbc.SqlScriptsTestExecutionListener@6662af0a, org.springframework.test.context.event.EventPublishingTestExecutionListener@665f19d, org.springframework.security.test.context.support.WithSecurityContextTestExecutionListener@4928a347, org.springframework.security.test.context.support.ReactorContextTestExecutionListener@1baf1268, org.springframework.boot.test.mock.mockito.ResetMocksTestExecutionListener@6846e4e8, org.springframework.boot.test.autoconfigure.restdocs.RestDocsTestExecutionListener@41861964, org.springframework.boot.test.autoconfigure.web.client.MockRestServiceServerResetTestExecutionListener@4db8b888, org.springframework.boot.test.autoconfigure.web.servlet.MockMvcPrintOnlyOnFailureTestExecutionListener@2e67df05, org.springframework.boot.test.autoconfigure.web.servlet.WebDriverTestExecutionListener@71590f85, org.springframework.boot.test.autoconfigure.webservices.client.MockWebServiceServerTestExecutionListener@6565f3] 
2021-12-10 11:36:28,477 [main] [36mo.s.b.t.c.SpringBootTestContextBootstrapper[0;39m - Neither @ContextConfiguration nor @ContextHierarchy found for test class [com.te.bookmydoctor.service.PatientServiceImplTest], using SpringBootContextLoader 
2021-12-10 11:36:28,479 [main] [36mo.s.t.c.s.AbstractContextLoader[0;39m - Could not detect default resource locations for test class [com.te.bookmydoctor.service.PatientServiceImplTest]: no resource found for suffixes {-context.xml, Context.groovy}. 
2021-12-10 11:36:28,480 [main] [36mo.s.t.c.s.AnnotationConfigContextLoaderUtils[0;39m - Could not detect default configuration classes for test class [com.te.bookmydoctor.service.PatientServiceImplTest]: PatientServiceImplTest does not declare any static, non-private, non-final, nested classes annotated with @Configuration. 
2021-12-10 11:36:28,482 [main] [36mo.s.b.t.c.SpringBootTestContextBootstrapper[0;39m - Found @SpringBootConfiguration com.te.bookmydoctor.BookMyDocApplication for test class com.te.bookmydoctor.service.PatientServiceImplTest 
2021-12-10 11:36:28,485 [main] [36mo.s.b.t.c.SpringBootTestContextBootstrapper[0;39m - Loaded default TestExecutionListener class names from location [META-INF/spring.factories]: [org.springframework.boot.test.mock.mockito.MockitoTestExecutionListener, org.springframework.boot.test.mock.mockito.ResetMocksTestExecutionListener, org.springframework.boot.test.autoconfigure.restdocs.RestDocsTestExecutionListener, org.springframework.boot.test.autoconfigure.web.client.MockRestServiceServerResetTestExecutionListener, org.springframework.boot.test.autoconfigure.web.servlet.MockMvcPrintOnlyOnFailureTestExecutionListener, org.springframework.boot.test.autoconfigure.web.servlet.WebDriverTestExecutionListener, org.springframework.boot.test.autoconfigure.webservices.client.MockWebServiceServerTestExecutionListener, org.springframework.test.context.web.ServletTestExecutionListener, org.springframework.test.context.support.DirtiesContextBeforeModesTestExecutionListener, org.springframework.test.context.event.ApplicationEventsTestExecutionListener, org.springframework.test.context.support.DependencyInjectionTestExecutionListener, org.springframework.test.context.support.DirtiesContextTestExecutionListener, org.springframework.test.context.transaction.TransactionalTestExecutionListener, org.springframework.test.context.jdbc.SqlScriptsTestExecutionListener, org.springframework.test.context.event.EventPublishingTestExecutionListener, org.springframework.security.test.context.support.WithSecurityContextTestExecutionListener, org.springframework.security.test.context.support.ReactorContextTestExecutionListener] 
2021-12-10 11:36:28,486 [main] [36mo.s.b.t.c.SpringBootTestContextBootstrapper[0;39m - Using TestExecutionListeners: [org.springframework.test.context.web.ServletTestExecutionListener@55f2e76a, org.springframework.test.context.support.DirtiesContextBeforeModesTestExecutionListener@6b8f0b64, org.springframework.test.context.event.ApplicationEventsTestExecutionListener@331d651b, org.springframework.boot.test.mock.mockito.MockitoTestExecutionListener@54a0ada1, org.springframework.boot.test.autoconfigure.SpringBootDependencyInjectionTestExecutionListener@162bc9e8, org.springframework.test.context.support.DirtiesContextTestExecutionListener@5ec2462, org.springframework.test.context.transaction.TransactionalTestExecutionListener@5d81bc79, org.springframework.test.context.jdbc.SqlScriptsTestExecutionListener@c9dcfcd, org.springframework.test.context.event.EventPublishingTestExecutionListener@4431233f, org.springframework.security.test.context.support.WithSecurityContextTestExecutionListener@201ac0ef, org.springframework.security.test.context.support.ReactorContextTestExecutionListener@70a8d2e1, org.springframework.boot.test.mock.mockito.ResetMocksTestExecutionListener@12a9889e, org.springframework.boot.test.autoconfigure.restdocs.RestDocsTestExecutionListener@5fcc792f, org.springframework.boot.test.autoconfigure.web.client.MockRestServiceServerResetTestExecutionListener@2927d781, org.springframework.boot.test.autoconfigure.web.servlet.MockMvcPrintOnlyOnFailureTestExecutionListener@1fae279e, org.springframework.boot.test.autoconfigure.web.servlet.WebDriverTestExecutionListener@411db18d, org.springframework.boot.test.autoconfigure.webservices.client.MockWebServiceServerTestExecutionListener@7d24bd80] 
2021-12-10 11:36:28,972 [main] [36mc.t.b.s.PatientServiceImpl[0;39m - Appointment Is Fixed 
2021-12-10 11:36:29,087 [SpringApplicationShutdownHook] [36mo.s.o.j.LocalContainerEntityManagerFactoryBean[0;39m - Closing JPA EntityManagerFactory for persistence unit 'default' 
2021-12-10 11:36:29,131 [SpringApplicationShutdownHook] [36mc.z.h.HikariDataSource[0;39m - HikariPool-1 - Shutdown initiated... 
2021-12-10 11:36:29,193 [SpringApplicationShutdownHook] [36mc.z.h.HikariDataSource[0;39m - HikariPool-1 - Shutdown completed. 
